[0m11:33:45.757833 [debug] [MainThread]: Sending event: {'category': 'dbt', 'action': 'invocation', 'label': 'start', 'context': [<snowplow_tracker.self_describing_json.SelfDescribingJson object at 0x10a2c2780>, <snowplow_tracker.self_describing_json.SelfDescribingJson object at 0x10a8dbef0>, <snowplow_tracker.self_describing_json.SelfDescribingJson object at 0x10a8dbf50>]}


============================== 11:33:45.780217 | f2564b83-068d-4248-8167-5b86c6b08cc7 ==============================
[0m11:33:45.780217 [info ] [MainThread]: Running with dbt=1.10.3
[0m11:33:45.781393 [debug] [MainThread]: running dbt with arguments {'printer_width': '80', 'indirect_selection': 'eager', 'write_json': 'True', 'log_cache_events': 'False', 'partial_parse': 'True', 'cache_selected_only': 'False', 'warn_error': 'None', 'version_check': 'True', 'fail_fast': 'False', 'log_path': 'logs', 'debug': 'False', 'profiles_dir': '/Users/abedja/.dbt', 'use_colors': 'True', 'use_experimental_parser': 'False', 'empty': 'None', 'quiet': 'False', 'no_print': 'None', 'log_format': 'default', 'invocation_command': 'dbt init dbt_quest', 'warn_error_options': 'WarnErrorOptionsV2(error=[], warn=[], silence=[])', 'static_parser': 'True', 'target_path': 'None', 'introspect': 'True', 'send_anonymous_usage_stats': 'True'}
[0m11:33:45.840251 [info ] [MainThread]: Creating dbt configuration folder at /Users/abedja/.dbt
[0m11:33:45.842817 [debug] [MainThread]: Starter project path: /Users/abedja/IaPM_WcS/Quetes/week11/DBT_DEMO/venv_dbt/lib/python3.12/site-packages/dbt/include/starter_project
[0m11:33:45.859245 [info ] [MainThread]: 
Your new dbt project "dbt_quest" was created!

For more information on how to configure the profiles.yml file,
please consult the dbt documentation here:

  https://docs.getdbt.com/docs/configure-your-profile

One more thing:

Need help? Don't hesitate to reach out to us via GitHub issues or on Slack:

  https://community.getdbt.com/

Happy modeling!

[0m11:33:45.860063 [info ] [MainThread]: Setting up your profile.
[0m11:34:18.864772 [info ] [MainThread]: Profile dbt_quest written to /Users/abedja/.dbt/profiles.yml using target's sample configuration. Once updated, you'll be able to start developing with dbt.
[0m11:34:18.870347 [debug] [MainThread]: Resource report: {"command_name": "init", "command_success": true, "command_wall_clock_time": 33.323082, "process_in_blocks": "0", "process_kernel_time": 0.519112, "process_mem_max_rss": "98054144", "process_out_blocks": "0", "process_user_time": 2.892115}
[0m11:34:18.872493 [debug] [MainThread]: Command `dbt init` succeeded at 11:34:18.872261 after 33.33 seconds
[0m11:34:18.873196 [debug] [MainThread]: Sending event: {'category': 'dbt', 'action': 'invocation', 'label': 'end', 'context': [<snowplow_tracker.self_describing_json.SelfDescribingJson object at 0x10a8dbf20>, <snowplow_tracker.self_describing_json.SelfDescribingJson object at 0x10a029070>, <snowplow_tracker.self_describing_json.SelfDescribingJson object at 0x10a2c2780>]}
[0m11:34:18.873866 [debug] [MainThread]: Flushing usage events
[0m11:34:19.724902 [debug] [MainThread]: An error was encountered while trying to flush usage events
